<?xml version="1.0" encoding="UTF-8"?>
<testsuite xmlns:xsi="http://www.w3.org/2001/XMLSchema-instance" xsi:noNamespaceSchemaLocation="https://maven.apache.org/surefire/maven-surefire-plugin/xsd/surefire-test-report-3.0.xsd" version="3.0" name="ParameterizedPostsTest" time="0.139" tests="23" errors="0" skipped="0" failures="0">
  <properties>
[...]
</properties>
  <testcase name="addPost(String, String, String)[1]" classname="ParameterizedPostsTest" time="0.043"/>
  <testcase name="addPost(String, String, String)[2]" classname="ParameterizedPostsTest" time="0.001"/>
  <testcase name="addPost(String, String, String)[3]" classname="ParameterizedPostsTest" time="0.001"/>
  <testcase name="addPost(String, String, String)[4]" classname="ParameterizedPostsTest" time="0.001"/>
  <testcase name="deleteInvalidPost(int)[1]" classname="ParameterizedPostsTest" time="0.005"/>
  <testcase name="deleteInvalidPost(int)[2]" classname="ParameterizedPostsTest" time="0.001"/>
  <testcase name="deleteInvalidPost(int)[3]" classname="ParameterizedPostsTest" time="0.001"/>
  <testcase name="deleteInvalidPost(int)[4]" classname="ParameterizedPostsTest" time="0.0"/>
  <testcase name="deleteInvalidPost(int)[5]" classname="ParameterizedPostsTest" time="0.001"/>
  <testcase name="loadValidPosts(String)[1]" classname="ParameterizedPostsTest" time="0.002"/>
  <testcase name="searchValidPost(String)[1]" classname="ParameterizedPostsTest" time="0.007"/>
  <testcase name="searchValidPost(String)[2]" classname="ParameterizedPostsTest" time="0.001"/>
  <testcase name="searchValidPost(String)[3]" classname="ParameterizedPostsTest" time="0.0"/>
  <testcase name="searchInvalidPost(String)[1]" classname="ParameterizedPostsTest" time="0.0"/>
  <testcase name="searchInvalidPost(String)[2]" classname="ParameterizedPostsTest" time="0.001"/>
  <testcase name="searchInvalidPost(String)[3]" classname="ParameterizedPostsTest" time="0.001"/>
  <testcase name="searchInvalidPost(String)[4]" classname="ParameterizedPostsTest" time="0.001"/>
  <testcase name="searchInvalidPost(String)[5]" classname="ParameterizedPostsTest" time="0.001"/>
  <testcase name="searchInvalidPost(String)[6]" classname="ParameterizedPostsTest" time="0.0"/>
  <testcase name="searchInvalidPost(String)[7]" classname="ParameterizedPostsTest" time="0.001"/>
  <testcase name="searchInvalidPost(String)[8]" classname="ParameterizedPostsTest" time="0.002"/>
  <testcase name="searchInvalidPost(String)[9]" classname="ParameterizedPostsTest" time="0.001"/>
  <testcase name="searchInvalidPost(String)[10]" classname="ParameterizedPostsTest" time="0.002"/>
</testsuite>